{"/home/csbrandt/projects/osm-build-query/index.js":{"path":"/home/csbrandt/projects/osm-build-query/index.js","s":{"1":1,"2":1,"3":1,"4":1,"5":1,"6":1,"7":1,"8":1,"9":1,"10":1,"11":5,"12":5,"13":1,"14":1,"15":1,"16":1,"17":1,"18":1,"19":1,"20":1},"b":{},"f":{"1":1},"fnMap":{"1":{"name":"(anonymous_1)","line":6,"loc":{"start":{"line":6,"column":20},"end":{"line":6,"column":42}}}},"statementMap":{"1":{"start":{"line":6,"column":0},"end":{"line":44,"column":2}},"2":{"start":{"line":7,"column":3},"end":{"line":7,"column":12}},"3":{"start":{"line":8,"column":3},"end":{"line":8,"column":16}},"4":{"start":{"line":9,"column":3},"end":{"line":9,"column":16}},"5":{"start":{"line":10,"column":3},"end":{"line":10,"column":52}},"6":{"start":{"line":11,"column":3},"end":{"line":11,"column":16}},"7":{"start":{"line":12,"column":3},"end":{"line":12,"column":16}},"8":{"start":{"line":13,"column":3},"end":{"line":13,"column":16}},"9":{"start":{"line":14,"column":3},"end":{"line":14,"column":16}},"10":{"start":{"line":16,"column":3},"end":{"line":19,"column":4}},"11":{"start":{"line":17,"column":6},"end":{"line":17,"column":34}},"12":{"start":{"line":18,"column":6},"end":{"line":18,"column":34}},"13":{"start":{"line":21,"column":3},"end":{"line":21,"column":40}},"14":{"start":{"line":22,"column":3},"end":{"line":22,"column":40}},"15":{"start":{"line":24,"column":3},"end":{"line":24,"column":40}},"16":{"start":{"line":25,"column":3},"end":{"line":25,"column":40}},"17":{"start":{"line":27,"column":3},"end":{"line":27,"column":70}},"18":{"start":{"line":31,"column":3},"end":{"line":39,"column":21}},"19":{"start":{"line":41,"column":3},"end":{"line":43,"column":5}},"20":{"start":{"line":47,"column":0},"end":{"line":47,"column":31}}},"branchMap":{}}}